<?xml version="1.0" encoding="UTF-8"?>
<coverage generated="1527246214421" clover="3.2.0">
  <project timestamp="1527246214421" name="All files">
    <metrics statements="117" coveredstatements="113" conditionals="14" coveredconditionals="14" methods="33" coveredmethods="32" elements="164" coveredelements="159" complexity="0" loc="117" ncloc="117" packages="1" files="5" classes="5">
      <file name="AutoScrollingText.vue" path="C:\Users\redho\Documents\Front-End_Bootcamp\Vue\vue-server-monitoring-tool\src\components\AutoScrollingText.vue">
        <metrics statements="2" coveredstatements="2" conditionals="0" coveredconditionals="0" methods="2" coveredmethods="2"/>
        <line num="13" count="4" type="stmt"/>
        <line num="18" count="1" type="stmt"/>
      </file>
      <file name="Clock.vue" path="C:\Users\redho\Documents\Front-End_Bootcamp\Vue\vue-server-monitoring-tool\src\components\Clock.vue">
        <metrics statements="3" coveredstatements="3" conditionals="0" coveredconditionals="0" methods="3" coveredmethods="3"/>
        <line num="10" count="3" type="stmt"/>
        <line num="16" count="1" type="stmt"/>
        <line num="19" count="3" type="stmt"/>
      </file>
      <file name="MainView.vue" path="C:\Users\redho\Documents\Front-End_Bootcamp\Vue\vue-server-monitoring-tool\src\components\MainView.vue">
        <metrics statements="54" coveredstatements="54" conditionals="6" coveredconditionals="6" methods="18" coveredmethods="18"/>
        <line num="26" count="1" type="stmt"/>
        <line num="27" count="1" type="stmt"/>
        <line num="28" count="1" type="stmt"/>
        <line num="29" count="1" type="stmt"/>
        <line num="30" count="1" type="stmt"/>
        <line num="37" count="5" type="stmt"/>
        <line num="62" count="6" type="stmt"/>
        <line num="63" count="6" type="stmt"/>
        <line num="64" count="6" type="cond" truecount="2" falsecount="0"/>
        <line num="65" count="1" type="stmt"/>
        <line num="67" count="6" type="stmt"/>
        <line num="69" count="1" type="stmt"/>
        <line num="70" count="1" type="stmt"/>
        <line num="73" count="5" type="stmt"/>
        <line num="74" count="5" type="stmt"/>
        <line num="80" count="9" type="stmt"/>
        <line num="82" count="9" type="stmt"/>
        <line num="83" count="17" type="stmt"/>
        <line num="84" count="9" type="stmt"/>
        <line num="85" count="4" type="stmt"/>
        <line num="86" count="4" type="stmt"/>
        <line num="87" count="4" type="stmt"/>
        <line num="88" count="4" type="stmt"/>
        <line num="89" count="4" type="stmt"/>
        <line num="92" count="9" type="stmt"/>
        <line num="93" count="17" type="stmt"/>
        <line num="94" count="9" type="stmt"/>
        <line num="95" count="3" type="stmt"/>
        <line num="96" count="3" type="stmt"/>
        <line num="97" count="3" type="stmt"/>
        <line num="98" count="3" type="stmt"/>
        <line num="99" count="3" type="stmt"/>
        <line num="100" count="3" type="stmt"/>
        <line num="103" count="9" type="stmt"/>
        <line num="104" count="17" type="stmt"/>
        <line num="105" count="9" type="stmt"/>
        <line num="106" count="1" type="stmt"/>
        <line num="107" count="1" type="stmt"/>
        <line num="108" count="1" type="stmt"/>
        <line num="109" count="1" type="stmt"/>
        <line num="110" count="1" type="stmt"/>
        <line num="114" count="1" type="stmt"/>
        <line num="117" count="9" type="cond" truecount="2" falsecount="0"/>
        <line num="118" count="5" type="stmt"/>
        <line num="120" count="4" type="cond" truecount="2" falsecount="0"/>
        <line num="121" count="3" type="stmt"/>
        <line num="122" count="3" type="stmt"/>
        <line num="125" count="1" type="stmt"/>
        <line num="130" count="5" type="stmt"/>
        <line num="131" count="5" type="stmt"/>
        <line num="132" count="5" type="stmt"/>
        <line num="133" count="5" type="stmt"/>
        <line num="134" count="5" type="stmt"/>
        <line num="135" count="5" type="stmt"/>
      </file>
      <file name="ServerView.vue" path="C:\Users\redho\Documents\Front-End_Bootcamp\Vue\vue-server-monitoring-tool\src\components\ServerView.vue">
        <metrics statements="21" coveredstatements="21" conditionals="2" coveredconditionals="2" methods="4" coveredmethods="4"/>
        <line num="12" count="5" type="stmt"/>
        <line num="20" count="8" type="stmt"/>
        <line num="25" count="7" type="stmt"/>
        <line num="26" count="7" type="stmt"/>
        <line num="27" count="7" type="stmt"/>
        <line num="28" count="7" type="stmt"/>
        <line num="36" count="7" type="stmt"/>
        <line num="37" count="7" type="stmt"/>
        <line num="38" count="7" type="stmt"/>
        <line num="39" count="7" type="stmt"/>
        <line num="46" count="7" type="stmt"/>
        <line num="47" count="1466" type="stmt"/>
        <line num="48" count="1466" type="stmt"/>
        <line num="49" count="1466" type="stmt"/>
        <line num="50" count="1466" type="stmt"/>
        <line num="51" count="1466" type="cond" truecount="2" falsecount="0"/>
        <line num="52" count="430" type="stmt"/>
        <line num="54" count="1036" type="stmt"/>
        <line num="57" count="7" type="stmt"/>
        <line num="58" count="7" type="stmt"/>
        <line num="62" count="5" type="stmt"/>
      </file>
      <file name="monitoringAPI.js" path="C:\Users\redho\Documents\Front-End_Bootcamp\Vue\vue-server-monitoring-tool\src\components\monitoringAPI.js">
        <metrics statements="37" coveredstatements="33" conditionals="6" coveredconditionals="6" methods="6" coveredmethods="5"/>
        <line num="3" count="2" type="stmt"/>
        <line num="5" count="2" type="stmt"/>
        <line num="6" count="2" type="stmt"/>
        <line num="7" count="2" type="stmt"/>
        <line num="8" count="2" type="stmt"/>
        <line num="9" count="2" type="stmt"/>
        <line num="10" count="2" type="stmt"/>
        <line num="21" count="2" type="stmt"/>
        <line num="22" count="25" type="stmt"/>
        <line num="40" count="7" type="cond" truecount="2" falsecount="0"/>
        <line num="41" count="1" type="stmt"/>
        <line num="42" count="1" type="stmt"/>
        <line num="44" count="6" type="stmt"/>
        <line num="46" count="5" type="cond" truecount="2" falsecount="0"/>
        <line num="47" count="1" type="stmt"/>
        <line num="48" count="1" type="stmt"/>
        <line num="51" count="3" type="stmt"/>
        <line num="52" count="3" type="stmt"/>
        <line num="54" count="3" type="stmt"/>
        <line num="55" count="3" type="stmt"/>
        <line num="56" count="3" type="stmt"/>
        <line num="57" count="3" type="stmt"/>
        <line num="58" count="3" type="stmt"/>
        <line num="59" count="19" type="stmt"/>
        <line num="62" count="3" type="cond" truecount="2" falsecount="0"/>
        <line num="63" count="2" type="stmt"/>
        <line num="66" count="1" type="stmt"/>
        <line num="67" count="0" type="stmt"/>
        <line num="68" count="0" type="stmt"/>
        <line num="69" count="0" type="stmt"/>
        <line num="71" count="0" type="stmt"/>
        <line num="73" count="1" type="stmt"/>
        <line num="74" count="1" type="stmt"/>
        <line num="75" count="1" type="stmt"/>
        <line num="78" count="3" type="stmt"/>
        <line num="79" count="3" type="stmt"/>
        <line num="80" count="3" type="stmt"/>
      </file>
    </metrics>
  </project>
</coverage>
