{"C:\\Users\\redho\\Documents\\Front-End_Bootcamp\\Vue\\vue-server-monitoring-tool\\src\\components\\AutoScrollingText.vue": {"path":"C:\\Users\\redho\\Documents\\Front-End_Bootcamp\\Vue\\vue-server-monitoring-tool\\src\\components\\AutoScrollingText.vue","statementMap":{"0":{"start":{"line":13,"column":0},"end":{"line":null,"column":-1}},"1":{"start":{"line":18,"column":0},"end":{"line":null,"column":-1}}},"fnMap":{"0":{"name":"data","decl":{"start":{"line":13,"column":0},"end":{"line":null,"column":-1}},"loc":{"start":{"line":13,"column":0},"end":{"line":null,"column":-1}}},"1":{"name":"footerHeight","decl":{"start":{"line":17,"column":0},"end":{"line":null,"column":-1}},"loc":{"start":{"line":17,"column":0},"end":{"line":19,"column":0}}}},"branchMap":{},"s":{"0":0,"1":0},"f":{"0":0,"1":0},"b":{}}
,"C:\\Users\\redho\\Documents\\Front-End_Bootcamp\\Vue\\vue-server-monitoring-tool\\src\\components\\Clock.vue": {"path":"C:\\Users\\redho\\Documents\\Front-End_Bootcamp\\Vue\\vue-server-monitoring-tool\\src\\components\\Clock.vue","statementMap":{"0":{"start":{"line":10,"column":0},"end":{"line":null,"column":-1}},"1":{"start":{"line":16,"column":0},"end":{"line":null,"column":-1}},"2":{"start":{"line":19,"column":0},"end":{"line":null,"column":-1}}},"fnMap":{"0":{"name":"data","decl":{"start":{"line":10,"column":0},"end":{"line":null,"column":-1}},"loc":{"start":{"line":10,"column":0},"end":{"line":null,"column":-1}}},"1":{"name":"tick","decl":{"start":{"line":15,"column":0},"end":{"line":null,"column":-1}},"loc":{"start":{"line":15,"column":0},"end":{"line":17,"column":0}}},"2":{"name":"mounted","decl":{"start":{"line":19,"column":0},"end":{"line":null,"column":-1}},"loc":{"start":{"line":19,"column":0},"end":{"line":23,"column":0}}}},"branchMap":{},"s":{"0":3,"1":1,"2":3},"f":{"0":3,"1":1,"2":3},"b":{}}
,"C:\\Users\\redho\\Documents\\Front-End_Bootcamp\\Vue\\vue-server-monitoring-tool\\src\\components\\MainView.vue": {"path":"C:\\Users\\redho\\Documents\\Front-End_Bootcamp\\Vue\\vue-server-monitoring-tool\\src\\components\\MainView.vue","statementMap":{"0":{"start":{"line":33,"column":0},"end":{"line":null,"column":-1}},"1":{"start":{"line":34,"column":0},"end":{"line":null,"column":-1}},"2":{"start":{"line":35,"column":0},"end":{"line":null,"column":-1}},"3":{"start":{"line":42,"column":0},"end":{"line":null,"column":-1}},"4":{"start":{"line":51,"column":0},"end":{"line":null,"column":-1}},"5":{"start":{"line":56,"column":0},"end":{"line":null,"column":-1}},"6":{"start":{"line":60,"column":0},"end":{"line":null,"column":-1}},"7":{"start":{"line":61,"column":0},"end":{"line":null,"column":-1}},"8":{"start":{"line":62,"column":0},"end":{"line":null,"column":-1}},"9":{"start":{"line":63,"column":0},"end":{"line":null,"column":-1}}},"fnMap":{"0":{"name":"data","decl":{"start":{"line":42,"column":0},"end":{"line":null,"column":-1}},"loc":{"start":{"line":42,"column":0},"end":{"line":null,"column":-1}}},"1":{"name":"addServers","decl":{"start":{"line":50,"column":0},"end":{"line":null,"column":-1}},"loc":{"start":{"line":50,"column":0},"end":{"line":52,"column":0}}},"2":{"name":"servers","decl":{"start":{"line":55,"column":0},"end":{"line":null,"column":-1}},"loc":{"start":{"line":55,"column":0},"end":{"line":57,"column":0}}},"3":{"name":"mounted","decl":{"start":{"line":59,"column":0},"end":{"line":null,"column":-1}},"loc":{"start":{"line":59,"column":0},"end":{"line":64,"column":0}}}},"branchMap":{"0":{"loc":{"start":{"line":51,"column":0},"end":{"line":null,"column":-1}},"type":"cond-expr","locations":[{"start":{"line":51,"column":0},"end":{"line":null,"column":-1}},{"start":{"line":51,"column":0},"end":{"line":null,"column":-1}}]}},"s":{"0":1,"1":1,"2":1,"3":4,"4":3,"5":6,"6":4,"7":4,"8":4,"9":4},"f":{"0":4,"1":3,"2":6,"3":4},"b":{"0":[2,3]}}
,"C:\\Users\\redho\\Documents\\Front-End_Bootcamp\\Vue\\vue-server-monitoring-tool\\src\\components\\ServerView.vue": {"path":"C:\\Users\\redho\\Documents\\Front-End_Bootcamp\\Vue\\vue-server-monitoring-tool\\src\\components\\ServerView.vue","statementMap":{"0":{"start":{"line":12,"column":0},"end":{"line":null,"column":-1}},"1":{"start":{"line":20,"column":0},"end":{"line":null,"column":-1}},"2":{"start":{"line":25,"column":0},"end":{"line":null,"column":-1}},"3":{"start":{"line":26,"column":0},"end":{"line":null,"column":-1}},"4":{"start":{"line":27,"column":0},"end":{"line":null,"column":-1}},"5":{"start":{"line":28,"column":0},"end":{"line":null,"column":-1}},"6":{"start":{"line":36,"column":0},"end":{"line":null,"column":-1}},"7":{"start":{"line":37,"column":0},"end":{"line":null,"column":-1}},"8":{"start":{"line":38,"column":0},"end":{"line":null,"column":-1}},"9":{"start":{"line":39,"column":0},"end":{"line":null,"column":-1}},"10":{"start":{"line":46,"column":0},"end":{"line":56,"column":0}},"11":{"start":{"line":47,"column":0},"end":{"line":null,"column":-1}},"12":{"start":{"line":48,"column":0},"end":{"line":null,"column":-1}},"13":{"start":{"line":49,"column":0},"end":{"line":null,"column":-1}},"14":{"start":{"line":50,"column":0},"end":{"line":null,"column":-1}},"15":{"start":{"line":51,"column":0},"end":{"line":55,"column":0}},"16":{"start":{"line":52,"column":0},"end":{"line":null,"column":-1}},"17":{"start":{"line":54,"column":0},"end":{"line":null,"column":-1}},"18":{"start":{"line":57,"column":0},"end":{"line":null,"column":-1}},"19":{"start":{"line":58,"column":0},"end":{"line":null,"column":-1}},"20":{"start":{"line":62,"column":0},"end":{"line":null,"column":-1}}},"fnMap":{"0":{"name":"data","decl":{"start":{"line":12,"column":0},"end":{"line":null,"column":-1}},"loc":{"start":{"line":12,"column":0},"end":{"line":null,"column":-1}}},"1":{"name":"updateF","decl":{"start":{"line":19,"column":0},"end":{"line":null,"column":-1}},"loc":{"start":{"line":19,"column":0},"end":{"line":21,"column":0}}},"2":{"name":"fontSize","decl":{"start":{"line":24,"column":0},"end":{"line":null,"column":-1}},"loc":{"start":{"line":24,"column":0},"end":{"line":59,"column":0}}},"3":{"name":"mounted","decl":{"start":{"line":61,"column":0},"end":{"line":null,"column":-1}},"loc":{"start":{"line":61,"column":0},"end":{"line":63,"column":0}}}},"branchMap":{"0":{"loc":{"start":{"line":51,"column":0},"end":{"line":55,"column":0}},"type":"if","locations":[{"start":{"line":51,"column":0},"end":{"line":55,"column":0}},{"start":{"line":51,"column":0},"end":{"line":55,"column":0}}]}},"s":{"0":5,"1":8,"2":7,"3":7,"4":7,"5":7,"6":7,"7":7,"8":7,"9":7,"10":7,"11":1466,"12":1466,"13":1466,"14":1466,"15":1466,"16":430,"17":1036,"18":7,"19":7,"20":5},"f":{"0":5,"1":8,"2":7,"3":5},"b":{"0":[430,1036]}}
,"C:\\Users\\redho\\Documents\\Front-End_Bootcamp\\Vue\\vue-server-monitoring-tool\\src\\components\\monitoringAPI.js": {"path":"C:\\Users\\redho\\Documents\\Front-End_Bootcamp\\Vue\\vue-server-monitoring-tool\\src\\components\\monitoringAPI.js","statementMap":{"0":{"start":{"line":3,"column":13},"end":{"line":3,"column":47}},"1":{"start":{"line":4,"column":10},"end":{"line":4,"column":54}},"2":{"start":{"line":16,"column":2},"end":{"line":36,"column":3}},"3":{"start":{"line":17,"column":4},"end":{"line":17,"column":54}},"4":{"start":{"line":19,"column":4},"end":{"line":35,"column":8}},"5":{"start":{"line":29,"column":8},"end":{"line":29,"column":32}},"6":{"start":{"line":31,"column":18},"end":{"line":31,"column":70}},"7":{"start":{"line":32,"column":8},"end":{"line":32,"column":94}},"8":{"start":{"line":33,"column":8},"end":{"line":33,"column":24}},"9":{"start":{"line":34,"column":8},"end":{"line":34,"column":18}}},"fnMap":{"0":{"name":"getMonitors","decl":{"start":{"line":15,"column":16},"end":{"line":15,"column":27}},"loc":{"start":{"line":15,"column":38},"end":{"line":37,"column":1}},"line":15},"1":{"name":"(anonymous_1)","decl":{"start":{"line":28,"column":12},"end":{"line":28,"column":13}},"loc":{"start":{"line":28,"column":21},"end":{"line":30,"column":7}},"line":28},"2":{"name":"(anonymous_2)","decl":{"start":{"line":30,"column":15},"end":{"line":30,"column":16}},"loc":{"start":{"line":30,"column":24},"end":{"line":35,"column":7}},"line":30}},"branchMap":{"0":{"loc":{"start":{"line":16,"column":2},"end":{"line":36,"column":3}},"type":"if","locations":[{"start":{"line":16,"column":2},"end":{"line":36,"column":3}},{"start":{"line":16,"column":2},"end":{"line":36,"column":3}}],"line":16},"1":{"loc":{"start":{"line":32,"column":15},"end":{"line":32,"column":94}},"type":"cond-expr","locations":[{"start":{"line":32,"column":33},"end":{"line":32,"column":88}},{"start":{"line":32,"column":92},"end":{"line":32,"column":94}}],"line":32}},"s":{"0":1,"1":1,"2":5,"3":1,"4":4,"5":2,"6":2,"7":2,"8":2,"9":2},"f":{"0":5,"1":2,"2":2},"b":{"0":[1,4],"1":[1,1]},"_coverageSchema":"332fd63041d2c1bcb487cc26dd0d5f7d97098a6c","hash":"9535b2078cdde7d26116992bc8de0cfdfb7b54b6"}
}
