{"C:\\Users\\redho\\Documents\\Front-End_Bootcamp\\Vue\\vue-server-monitoring-tool\\src\\components\\monitoringAPI.js": {"path":"C:\\Users\\redho\\Documents\\Front-End_Bootcamp\\Vue\\vue-server-monitoring-tool\\src\\components\\monitoringAPI.js","statementMap":{"0":{"start":{"line":3,"column":13},"end":{"line":3,"column":47}},"1":{"start":{"line":4,"column":10},"end":{"line":4,"column":54}},"2":{"start":{"line":8,"column":2},"end":{"line":27,"column":3}},"3":{"start":{"line":9,"column":4},"end":{"line":9,"column":54}},"4":{"start":{"line":11,"column":4},"end":{"line":26,"column":8}},"5":{"start":{"line":13,"column":8},"end":{"line":20,"column":9}},"6":{"start":{"line":14,"column":20},"end":{"line":14,"column":65}},"7":{"start":{"line":15,"column":10},"end":{"line":15,"column":26}},"8":{"start":{"line":16,"column":10},"end":{"line":16,"column":20}},"9":{"start":{"line":18,"column":10},"end":{"line":18,"column":26}},"10":{"start":{"line":19,"column":10},"end":{"line":19,"column":20}},"11":{"start":{"line":22,"column":18},"end":{"line":22,"column":70}},"12":{"start":{"line":23,"column":8},"end":{"line":23,"column":94}},"13":{"start":{"line":24,"column":8},"end":{"line":24,"column":24}},"14":{"start":{"line":25,"column":8},"end":{"line":25,"column":18}},"15":{"start":{"line":31,"column":2},"end":{"line":33,"column":3}},"16":{"start":{"line":32,"column":4},"end":{"line":32,"column":54}},"17":{"start":{"line":34,"column":15},"end":{"line":48,"column":6}},"18":{"start":{"line":44,"column":6},"end":{"line":44,"column":9}},"19":{"start":{"line":47,"column":6},"end":{"line":47,"column":40}},"20":{"start":{"line":49,"column":2},"end":{"line":49,"column":15}}},"fnMap":{"0":{"name":"getMonitors","decl":{"start":{"line":7,"column":16},"end":{"line":7,"column":27}},"loc":{"start":{"line":7,"column":38},"end":{"line":28,"column":1}},"line":7},"1":{"name":"(anonymous_1)","decl":{"start":{"line":12,"column":12},"end":{"line":12,"column":13}},"loc":{"start":{"line":12,"column":21},"end":{"line":21,"column":7}},"line":12},"2":{"name":"(anonymous_2)","decl":{"start":{"line":21,"column":15},"end":{"line":21,"column":16}},"loc":{"start":{"line":21,"column":24},"end":{"line":26,"column":7}},"line":21},"3":{"name":"getMonitors2","decl":{"start":{"line":30,"column":16},"end":{"line":30,"column":28}},"loc":{"start":{"line":30,"column":39},"end":{"line":50,"column":1}},"line":30},"4":{"name":"(anonymous_4)","decl":{"start":{"line":43,"column":10},"end":{"line":43,"column":11}},"loc":{"start":{"line":43,"column":19},"end":{"line":45,"column":5}},"line":43},"5":{"name":"(anonymous_5)","decl":{"start":{"line":46,"column":11},"end":{"line":46,"column":12}},"loc":{"start":{"line":46,"column":22},"end":{"line":48,"column":5}},"line":46}},"branchMap":{"0":{"loc":{"start":{"line":8,"column":2},"end":{"line":27,"column":3}},"type":"if","locations":[{"start":{"line":8,"column":2},"end":{"line":27,"column":3}},{"start":{"line":8,"column":2},"end":{"line":27,"column":3}}],"line":8},"1":{"loc":{"start":{"line":13,"column":8},"end":{"line":20,"column":9}},"type":"if","locations":[{"start":{"line":13,"column":8},"end":{"line":20,"column":9}},{"start":{"line":13,"column":8},"end":{"line":20,"column":9}}],"line":13},"2":{"loc":{"start":{"line":13,"column":11},"end":{"line":13,"column":57}},"type":"binary-expr","locations":[{"start":{"line":13,"column":11},"end":{"line":13,"column":29}},{"start":{"line":13,"column":33},"end":{"line":13,"column":57}}],"line":13},"3":{"loc":{"start":{"line":23,"column":15},"end":{"line":23,"column":94}},"type":"cond-expr","locations":[{"start":{"line":23,"column":33},"end":{"line":23,"column":88}},{"start":{"line":23,"column":92},"end":{"line":23,"column":94}}],"line":23},"4":{"loc":{"start":{"line":31,"column":2},"end":{"line":33,"column":3}},"type":"if","locations":[{"start":{"line":31,"column":2},"end":{"line":33,"column":3}},{"start":{"line":31,"column":2},"end":{"line":33,"column":3}}],"line":31}},"s":{"0":1,"1":1,"2":4,"3":1,"4":3,"5":1,"6":0,"7":0,"8":0,"9":1,"10":1,"11":2,"12":2,"13":2,"14":2,"15":0,"16":0,"17":0,"18":0,"19":0,"20":0},"f":{"0":4,"1":1,"2":2,"3":0,"4":0,"5":0},"b":{"0":[1,3],"1":[0,1],"2":[1,1],"3":[1,1],"4":[0,0]},"_coverageSchema":"332fd63041d2c1bcb487cc26dd0d5f7d97098a6c","hash":"36e891a272cf69f74c6a69183407b0c6e916dbbe"}
}
