TN:
SF:C:\Users\redho\Documents\Front-End_Bootcamp\Vue\vue-server-monitoring-tool\src\components\AutoScrollingText.vue
FN:13,data
FN:17,footerHeight
FNF:2
FNH:0
FNDA:0,data
FNDA:0,footerHeight
DA:13,0
DA:18,0
LF:2
LH:0
BRF:0
BRH:0
end_of_record
TN:
SF:C:\Users\redho\Documents\Front-End_Bootcamp\Vue\vue-server-monitoring-tool\src\components\Clock.vue
FN:10,data
FN:15,tick
FN:19,mounted
FNF:3
FNH:3
FNDA:3,data
FNDA:1,tick
FNDA:3,mounted
DA:10,3
DA:16,1
DA:19,3
LF:3
LH:3
BRF:0
BRH:0
end_of_record
TN:
SF:C:\Users\redho\Documents\Front-End_Bootcamp\Vue\vue-server-monitoring-tool\src\components\MainView.vue
FN:42,data
FN:50,addServers
FN:55,servers
FN:59,mounted
FNF:4
FNH:4
FNDA:4,data
FNDA:3,addServers
FNDA:6,servers
FNDA:4,mounted
DA:33,1
DA:34,1
DA:35,1
DA:42,4
DA:51,3
DA:56,6
DA:60,4
DA:61,4
DA:62,4
DA:63,4
LF:10
LH:10
BRDA:51,0,0,2
BRDA:51,0,1,3
BRF:2
BRH:2
end_of_record
TN:
SF:C:\Users\redho\Documents\Front-End_Bootcamp\Vue\vue-server-monitoring-tool\src\components\ServerView.vue
FN:12,data
FN:19,updateF
FN:24,fontSize
FN:61,mounted
FNF:4
FNH:4
FNDA:5,data
FNDA:8,updateF
FNDA:7,fontSize
FNDA:5,mounted
DA:12,5
DA:20,8
DA:25,7
DA:26,7
DA:27,7
DA:28,7
DA:36,7
DA:37,7
DA:38,7
DA:39,7
DA:46,7
DA:47,1466
DA:48,1466
DA:49,1466
DA:50,1466
DA:51,1466
DA:52,430
DA:54,1036
DA:57,7
DA:58,7
DA:62,5
LF:21
LH:21
BRDA:51,0,0,430
BRDA:51,0,1,1036
BRF:2
BRH:2
end_of_record
TN:
SF:C:\Users\redho\Documents\Front-End_Bootcamp\Vue\vue-server-monitoring-tool\src\components\monitoringAPI.js
FN:15,getMonitors
FN:28,(anonymous_1)
FN:30,(anonymous_2)
FNF:3
FNH:3
FNDA:5,getMonitors
FNDA:2,(anonymous_1)
FNDA:2,(anonymous_2)
DA:3,1
DA:4,1
DA:16,5
DA:17,1
DA:19,4
DA:29,2
DA:31,2
DA:32,2
DA:33,2
DA:34,2
LF:10
LH:10
BRDA:16,0,0,1
BRDA:16,0,1,4
BRDA:32,1,0,1
BRDA:32,1,1,1
BRF:4
BRH:4
end_of_record
