TN:
SF:C:\Users\redho\Documents\Front-End_Bootcamp\Vue\vue-server-monitoring-tool\src\components\monitoringAPI.js
FN:7,getMonitors
FN:12,(anonymous_1)
FN:21,(anonymous_2)
FN:30,getMonitors2
FN:43,(anonymous_4)
FN:46,(anonymous_5)
FNF:6
FNH:3
FNDA:4,getMonitors
FNDA:1,(anonymous_1)
FNDA:2,(anonymous_2)
FNDA:0,getMonitors2
FNDA:0,(anonymous_4)
FNDA:0,(anonymous_5)
DA:3,1
DA:4,1
DA:8,4
DA:9,1
DA:11,3
DA:13,1
DA:14,0
DA:15,0
DA:16,0
DA:18,1
DA:19,1
DA:22,2
DA:23,2
DA:24,2
DA:25,2
DA:31,0
DA:32,0
DA:34,0
DA:44,0
DA:47,0
DA:49,0
LF:21
LH:12
BRDA:8,0,0,1
BRDA:8,0,1,3
BRDA:13,1,0,0
BRDA:13,1,1,1
BRDA:13,2,0,1
BRDA:13,2,1,1
BRDA:23,3,0,1
BRDA:23,3,1,1
BRDA:31,4,0,0
BRDA:31,4,1,0
BRF:10
BRH:7
end_of_record
